TN:
SF:src\agents\ai-engineer.ts
FN:9,<instance_members_initializer>
FN:29,execute
FN:58,handleModelConversion
FN:76,handleQuantization
FN:95,handleDeployment
FNF:5
FNH:5
FNDA:13,<instance_members_initializer>
FNDA:7,execute
FNDA:4,handleModelConversion
FNDA:1,handleQuantization
FNDA:1,handleDeployment
DA:1,1
DA:2,1
DA:3,1
DA:4,1
DA:5,1
DA:6,1
DA:7,1
DA:8,1
DA:9,1
DA:10,13
DA:11,13
DA:12,13
DA:13,13
DA:14,13
DA:15,13
DA:16,13
DA:17,13
DA:18,13
DA:19,13
DA:20,13
DA:21,13
DA:22,13
DA:23,13
DA:24,13
DA:25,13
DA:26,13
DA:27,13
DA:28,1
DA:29,1
DA:30,7
DA:31,7
DA:32,7
DA:33,4
DA:34,4
DA:35,3
DA:36,7
DA:37,1
DA:38,1
DA:39,2
DA:40,7
DA:41,1
DA:42,1
DA:43,1
DA:44,1
DA:45,1
DA:46,1
DA:47,1
DA:48,1
DA:49,1
DA:50,1
DA:51,1
DA:52,1
DA:53,1
DA:54,1
DA:55,1
DA:56,7
DA:57,1
DA:58,1
DA:59,4
DA:60,4
DA:61,4
DA:62,4
DA:63,4
DA:64,4
DA:65,4
DA:66,4
DA:67,4
DA:68,4
DA:69,4
DA:70,4
DA:71,4
DA:72,4
DA:73,4
DA:74,4
DA:75,1
DA:76,1
DA:77,1
DA:78,1
DA:79,1
DA:80,1
DA:81,1
DA:82,1
DA:83,1
DA:84,1
DA:85,1
DA:86,1
DA:87,1
DA:88,1
DA:89,1
DA:90,1
DA:91,1
DA:92,1
DA:93,1
DA:94,1
DA:95,1
DA:96,1
DA:97,1
DA:98,1
DA:99,1
DA:100,1
DA:101,1
DA:102,1
DA:103,1
DA:104,1
DA:105,1
DA:106,1
DA:107,1
DA:108,1
DA:109,1
DA:110,1
DA:111,1
DA:112,1
LF:112
LH:112
BRDA:9,0,0,13
BRDA:29,1,0,7
BRDA:32,2,0,5
BRDA:32,3,0,4
BRDA:34,4,0,3
BRDA:36,5,0,5
BRDA:36,6,0,1
BRDA:38,7,0,2
BRDA:40,8,0,1
BRDA:40,9,0,1
BRDA:58,10,0,4
BRDA:76,11,0,1
BRDA:95,12,0,1
BRF:13
BRH:13
end_of_record
TN:
SF:src\agents\base.ts
FN:56,log
FN:63,success
FN:75,error
FNF:3
FNH:2
FNDA:0,log
FNDA:21,success
FNDA:1,error
DA:1,1
DA:2,1
DA:3,1
DA:4,1
DA:5,1
DA:6,1
DA:7,1
DA:8,1
DA:9,1
DA:10,1
DA:11,1
DA:12,1
DA:13,1
DA:14,1
DA:15,1
DA:16,1
DA:17,1
DA:18,1
DA:19,1
DA:20,1
DA:21,1
DA:22,1
DA:23,1
DA:24,1
DA:25,1
DA:26,1
DA:27,1
DA:28,1
DA:29,1
DA:30,1
DA:31,1
DA:32,1
DA:33,1
DA:34,1
DA:35,1
DA:36,1
DA:37,1
DA:38,1
DA:39,1
DA:40,1
DA:41,1
DA:42,1
DA:43,1
DA:44,1
DA:45,1
DA:46,1
DA:47,1
DA:48,1
DA:49,1
DA:50,1
DA:51,1
DA:52,1
DA:53,1
DA:54,1
DA:55,1
DA:56,1
DA:57,0
DA:58,0
DA:59,1
DA:60,1
DA:61,1
DA:62,1
DA:63,1
DA:64,21
DA:65,21
DA:66,21
DA:67,21
DA:68,21
DA:69,21
DA:70,21
DA:71,1
DA:72,1
DA:73,1
DA:74,1
DA:75,1
DA:76,1
DA:77,1
DA:78,1
DA:79,1
DA:80,1
DA:81,1
DA:82,1
LF:82
LH:80
BRDA:63,0,0,21
BRDA:75,1,0,1
BRF:2
BRH:2
end_of_record
TN:
SF:src\agents\driver-developer.ts
FN:9,<instance_members_initializer>
FN:29,execute
FN:53,handleI2CDriver
FN:68,handleSPIDriver
FN:83,handleUARTDriver
FNF:5
FNH:5
FNDA:10,<instance_members_initializer>
FNDA:4,execute
FNDA:1,handleI2CDriver
FNDA:1,handleSPIDriver
FNDA:1,handleUARTDriver
DA:1,1
DA:2,1
DA:3,1
DA:4,1
DA:5,1
DA:6,1
DA:7,1
DA:8,1
DA:9,1
DA:10,10
DA:11,10
DA:12,10
DA:13,10
DA:14,10
DA:15,10
DA:16,10
DA:17,10
DA:18,10
DA:19,10
DA:20,10
DA:21,10
DA:22,10
DA:23,10
DA:24,10
DA:25,10
DA:26,10
DA:27,10
DA:28,1
DA:29,1
DA:30,4
DA:31,4
DA:32,4
DA:33,1
DA:34,1
DA:35,3
DA:36,4
DA:37,1
DA:38,1
DA:39,2
DA:40,4
DA:41,1
DA:42,1
DA:43,1
DA:44,1
DA:45,1
DA:46,1
DA:47,1
DA:48,1
DA:49,1
DA:50,1
DA:51,4
DA:52,1
DA:53,1
DA:54,1
DA:55,1
DA:56,1
DA:57,1
DA:58,1
DA:59,1
DA:60,1
DA:61,1
DA:62,1
DA:63,1
DA:64,1
DA:65,1
DA:66,1
DA:67,1
DA:68,1
DA:69,1
DA:70,1
DA:71,1
DA:72,1
DA:73,1
DA:74,1
DA:75,1
DA:76,1
DA:77,1
DA:78,1
DA:79,1
DA:80,1
DA:81,1
DA:82,1
DA:83,1
DA:84,1
DA:85,1
DA:86,1
DA:87,1
DA:88,1
DA:89,1
DA:90,1
DA:91,1
DA:92,1
DA:93,1
DA:94,1
DA:95,1
DA:96,1
DA:97,1
LF:97
LH:97
BRDA:9,0,0,10
BRDA:29,1,0,4
BRDA:32,2,0,1
BRDA:34,3,0,3
BRDA:36,4,0,1
BRDA:38,5,0,2
BRDA:40,6,0,1
BRDA:40,7,0,1
BRDA:53,8,0,1
BRDA:68,9,0,1
BRDA:83,10,0,1
BRF:11
BRH:11
end_of_record
TN:
SF:src\agents\index.ts
FN:18,<instance_members_initializer>
FN:23,execute
FN:36,<instance_members_initializer>
FN:41,execute
FN:60,<instance_members_initializer>
FN:65,execute
FN:81,<instance_members_initializer>
FN:86,execute
FN:100,registerAllAgents
FNF:9
FNH:9
FNDA:5,<instance_members_initializer>
FNDA:1,execute
FNDA:5,<instance_members_initializer>
FNDA:1,execute
FNDA:5,<instance_members_initializer>
FNDA:1,execute
FNDA:5,<instance_members_initializer>
FNDA:1,execute
FNDA:5,registerAllAgents
DA:1,1
DA:2,1
DA:3,1
DA:4,1
DA:5,1
DA:6,1
DA:7,1
DA:8,1
DA:9,1
DA:10,1
DA:11,1
DA:12,1
DA:13,1
DA:14,1
DA:15,1
DA:16,1
DA:17,1
DA:18,1
DA:19,5
DA:20,5
DA:21,5
DA:22,1
DA:23,1
DA:24,1
DA:25,1
DA:26,1
DA:27,1
DA:28,1
DA:29,1
DA:30,1
DA:31,1
DA:32,1
DA:33,1
DA:34,1
DA:35,1
DA:36,1
DA:37,5
DA:38,5
DA:39,5
DA:40,1
DA:41,1
DA:42,1
DA:43,1
DA:44,1
DA:45,1
DA:46,1
DA:47,1
DA:48,1
DA:49,1
DA:50,1
DA:51,1
DA:52,1
DA:53,1
DA:54,1
DA:55,1
DA:56,1
DA:57,1
DA:58,1
DA:59,1
DA:60,1
DA:61,5
DA:62,5
DA:63,5
DA:64,1
DA:65,1
DA:66,1
DA:67,1
DA:68,1
DA:69,1
DA:70,1
DA:71,1
DA:72,1
DA:73,1
DA:74,1
DA:75,1
DA:76,1
DA:77,1
DA:78,1
DA:79,1
DA:80,1
DA:81,1
DA:82,5
DA:83,5
DA:84,5
DA:85,1
DA:86,1
DA:87,1
DA:88,1
DA:89,1
DA:90,1
DA:91,1
DA:92,1
DA:93,1
DA:94,1
DA:95,1
DA:96,1
DA:97,1
DA:98,1
DA:99,1
DA:100,1
DA:101,5
DA:102,5
DA:103,5
DA:104,5
DA:105,5
DA:106,5
DA:107,5
DA:108,5
DA:109,1
DA:110,1
DA:111,1
DA:112,1
DA:113,1
DA:114,1
DA:115,1
DA:116,1
LF:116
LH:116
BRDA:18,0,0,5
BRDA:23,1,0,1
BRDA:36,2,0,5
BRDA:41,3,0,1
BRDA:60,4,0,5
BRDA:65,5,0,1
BRDA:81,6,0,5
BRDA:86,7,0,1
BRDA:100,8,0,5
BRF:9
BRH:9
end_of_record
TN:
SF:src\agents\manager.ts
FN:13,<instance_members_initializer>
FN:18,register
FN:28,get
FN:35,listAll
FN:47,execute
FN:82,selectAgentsForTask
FNF:6
FNH:6
FNDA:13,<instance_members_initializer>
FNDA:42,register
FNDA:9,get
FNDA:1,listAll
FNDA:7,execute
FNDA:1,selectAgentsForTask
DA:1,1
DA:2,1
DA:3,1
DA:4,1
DA:5,1
DA:6,1
DA:7,1
DA:8,1
DA:9,1
DA:10,1
DA:11,1
DA:12,1
DA:13,1
DA:14,1
DA:15,1
DA:16,1
DA:17,1
DA:18,1
DA:19,42
DA:20,1
DA:21,1
DA:22,41
DA:23,42
DA:24,1
DA:25,1
DA:26,1
DA:27,1
DA:28,1
DA:29,9
DA:30,9
DA:31,1
DA:32,1
DA:33,1
DA:34,1
DA:35,1
DA:36,1
DA:37,1
DA:38,1
DA:39,1
DA:40,1
DA:41,1
DA:42,1
DA:43,1
DA:44,1
DA:45,1
DA:46,1
DA:47,1
DA:48,7
DA:49,7
DA:50,7
DA:51,7
DA:52,7
DA:53,7
DA:54,7
DA:55,1
DA:56,1
DA:57,1
DA:58,1
DA:59,1
DA:60,1
DA:61,6
DA:62,6
DA:63,6
DA:64,6
DA:65,6
DA:66,6
DA:67,6
DA:68,6
DA:69,6
DA:70,7
DA:71,1
DA:72,1
DA:73,1
DA:74,1
DA:75,1
DA:76,1
DA:77,7
DA:78,1
DA:79,1
DA:80,1
DA:81,1
DA:82,1
DA:83,1
DA:84,1
DA:85,1
DA:86,1
DA:87,1
DA:88,1
DA:89,1
DA:90,1
DA:91,2
DA:92,1
DA:93,1
DA:94,1
DA:95,1
DA:96,1
DA:97,1
DA:98,1
DA:99,1
DA:100,1
DA:101,1
LF:101
LH:101
BRDA:13,0,0,13
BRDA:18,1,0,42
BRDA:19,2,0,1
BRDA:21,3,0,41
BRDA:28,4,0,9
BRDA:35,5,0,1
BRDA:36,6,0,1
BRDA:47,7,0,7
BRDA:54,8,0,1
BRDA:60,9,0,6
BRDA:70,10,0,1
BRDA:71,11,0,0
BRDA:82,12,0,1
BRDA:94,13,0,0
BRDA:87,14,0,1
BRDA:90,15,0,2
BRF:16
BRH:14
end_of_record
TN:
SF:src\agents\stm32-architect.ts
FN:9,<instance_members_initializer>
FN:28,execute
FN:51,handleMemoryLayout
FN:67,handleClockConfig
FN:85,handleBootSequence
FNF:5
FNH:5
FNDA:10,<instance_members_initializer>
FNDA:4,execute
FNDA:1,handleMemoryLayout
FNDA:1,handleClockConfig
FNDA:1,handleBootSequence
DA:1,1
DA:2,1
DA:3,1
DA:4,1
DA:5,1
DA:6,1
DA:7,1
DA:8,1
DA:9,1
DA:10,10
DA:11,10
DA:12,10
DA:13,10
DA:14,10
DA:15,10
DA:16,10
DA:17,10
DA:18,10
DA:19,10
DA:20,10
DA:21,10
DA:22,10
DA:23,10
DA:24,10
DA:25,10
DA:26,10
DA:27,1
DA:28,1
DA:29,4
DA:30,4
DA:31,4
DA:32,1
DA:33,1
DA:34,3
DA:35,4
DA:36,1
DA:37,1
DA:38,2
DA:39,4
DA:40,1
DA:41,1
DA:42,1
DA:43,1
DA:44,1
DA:45,1
DA:46,1
DA:47,1
DA:48,1
DA:49,4
DA:50,1
DA:51,1
DA:52,1
DA:53,1
DA:54,1
DA:55,1
DA:56,1
DA:57,1
DA:58,1
DA:59,1
DA:60,1
DA:61,1
DA:62,1
DA:63,1
DA:64,1
DA:65,1
DA:66,1
DA:67,1
DA:68,1
DA:69,1
DA:70,1
DA:71,1
DA:72,1
DA:73,1
DA:74,1
DA:75,1
DA:76,1
DA:77,1
DA:78,1
DA:79,1
DA:80,1
DA:81,1
DA:82,1
DA:83,1
DA:84,1
DA:85,1
DA:86,1
DA:87,1
DA:88,1
DA:89,1
DA:90,1
DA:91,1
DA:92,1
DA:93,1
DA:94,1
DA:95,1
DA:96,1
DA:97,1
DA:98,1
DA:99,1
DA:100,1
DA:101,1
DA:102,1
DA:103,1
LF:103
LH:103
BRDA:9,0,0,10
BRDA:28,1,0,4
BRDA:31,2,0,3
BRDA:31,3,0,1
BRDA:33,4,0,3
BRDA:35,5,0,2
BRDA:35,6,0,1
BRDA:37,7,0,2
BRDA:39,8,0,1
BRDA:39,9,0,1
BRDA:51,10,0,1
BRDA:67,11,0,1
BRDA:85,12,0,1
BRF:13
BRH:13
end_of_record
TN:
SF:src\config\manager.ts
FN:84,<instance_members_initializer>
FN:86,ConfigManager
FN:94,resolveConfig
FN:112,loadFromEnvironment
FN:152,deepMerge
FN:186,get
FN:193,getNested
FN:203,set
FN:210,getAll
FN:217,validate
FN:233,isToolAvailable
FN:241,getToolPath
FN:248,getDebugConfig
FN:255,getBuildConfig
FN:262,getTargetConfig
FN:269,getEdgeAiConfig
FN:276,withOverrides
FNF:17
FNH:17
FNDA:35,<instance_members_initializer>
FNDA:35,ConfigManager
FNDA:35,resolveConfig
FNDA:35,loadFromEnvironment
FNDA:91,deepMerge
FNDA:22,get
FNDA:1,getNested
FNDA:4,set
FNDA:1,getAll
FNDA:3,validate
FNDA:4,isToolAvailable
FNDA:4,getToolPath
FNDA:2,getDebugConfig
FNDA:2,getBuildConfig
FNDA:2,getTargetConfig
FNDA:2,getEdgeAiConfig
FNDA:2,withOverrides
DA:1,1
DA:2,1
DA:3,1
DA:4,1
DA:5,1
DA:6,1
DA:7,1
DA:8,1
DA:9,1
DA:10,1
DA:11,1
DA:12,1
DA:13,1
DA:14,1
DA:15,1
DA:16,1
DA:17,1
DA:18,1
DA:19,1
DA:20,1
DA:21,1
DA:22,1
DA:23,1
DA:24,1
DA:25,1
DA:26,1
DA:27,1
DA:28,1
DA:29,1
DA:30,1
DA:31,1
DA:32,1
DA:33,1
DA:34,1
DA:35,1
DA:36,1
DA:37,1
DA:38,1
DA:39,1
DA:40,1
DA:41,1
DA:42,1
DA:43,1
DA:44,1
DA:45,1
DA:46,1
DA:47,1
DA:48,1
DA:49,1
DA:50,1
DA:51,1
DA:52,1
DA:53,1
DA:54,1
DA:55,1
DA:56,1
DA:57,1
DA:58,1
DA:59,1
DA:60,1
DA:61,1
DA:62,1
DA:63,1
DA:64,1
DA:65,1
DA:66,1
DA:67,1
DA:68,1
DA:69,1
DA:70,1
DA:71,1
DA:72,1
DA:73,1
DA:74,1
DA:75,1
DA:76,1
DA:77,1
DA:78,1
DA:79,1
DA:80,1
DA:81,1
DA:82,1
DA:83,1
DA:84,1
DA:85,1
DA:86,1
DA:87,35
DA:88,35
DA:89,35
DA:90,1
DA:91,1
DA:92,1
DA:93,1
DA:94,1
DA:95,35
DA:96,35
DA:97,35
DA:98,35
DA:99,35
DA:100,35
DA:101,35
DA:102,35
DA:103,35
DA:104,35
DA:105,35
DA:106,35
DA:107,35
DA:108,1
DA:109,1
DA:110,1
DA:111,1
DA:112,1
DA:113,35
DA:114,35
DA:115,35
DA:116,35
DA:117,2
DA:118,2
DA:119,35
DA:120,1
DA:121,1
DA:122,35
DA:123,1
DA:124,1
DA:125,35
DA:126,1
DA:127,1
DA:128,35
DA:129,1
DA:130,1
DA:131,35
DA:132,35
DA:133,35
DA:134,2
DA:135,2
DA:136,1
DA:137,1
DA:138,2
DA:139,35
DA:140,2
DA:141,2
DA:142,1
DA:143,1
DA:144,2
DA:145,35
DA:146,35
DA:147,35
DA:148,1
DA:149,1
DA:150,1
DA:151,1
DA:152,1
DA:153,91
DA:154,91
DA:155,91
DA:156,63
DA:157,63
DA:158,63
DA:159,63
DA:160,63
DA:161,63
DA:162,63
DA:163,19
DA:164,19
DA:165,19
DA:166,19
DA:167,19
DA:168,19
DA:169,63
DA:170,19
DA:171,19
DA:172,19
DA:173,19
DA:174,63
DA:175,44
DA:176,44
DA:177,63
DA:178,63
DA:179,91
DA:180,91
DA:181,91
DA:182,1
DA:183,1
DA:184,1
DA:185,1
DA:186,1
DA:187,22
DA:188,22
DA:189,1
DA:190,1
DA:191,1
DA:192,1
DA:193,1
DA:194,1
DA:195,1
DA:196,1
DA:197,1
DA:198,1
DA:199,1
DA:200,1
DA:201,1
DA:202,1
DA:203,1
DA:204,4
DA:205,4
DA:206,1
DA:207,1
DA:208,1
DA:209,1
DA:210,1
DA:211,1
DA:212,1
DA:213,1
DA:214,1
DA:215,1
DA:216,1
DA:217,1
DA:218,3
DA:219,3
DA:220,3
DA:221,3
DA:222,1
DA:223,1
DA:224,1
DA:225,1
DA:226,0
DA:227,0
DA:228,3
DA:229,1
DA:230,1
DA:231,1
DA:232,1
DA:233,1
DA:234,4
DA:235,4
DA:236,4
DA:237,1
DA:238,1
DA:239,1
DA:240,1
DA:241,1
DA:242,4
DA:243,4
DA:244,1
DA:245,1
DA:246,1
DA:247,1
DA:248,1
DA:249,2
DA:250,2
DA:251,1
DA:252,1
DA:253,1
DA:254,1
DA:255,1
DA:256,2
DA:257,2
DA:258,1
DA:259,1
DA:260,1
DA:261,1
DA:262,1
DA:263,2
DA:264,2
DA:265,1
DA:266,1
DA:267,1
DA:268,1
DA:269,1
DA:270,2
DA:271,2
DA:272,1
DA:273,1
DA:274,1
DA:275,1
DA:276,1
DA:277,2
DA:278,2
DA:279,1
LF:279
LH:277
BRDA:84,0,0,35
BRDA:86,1,0,35
BRDA:94,2,0,35
BRDA:112,3,0,35
BRDA:116,4,0,2
BRDA:119,5,0,1
BRDA:122,6,0,1
BRDA:125,7,0,1
BRDA:128,8,0,1
BRDA:133,9,0,2
BRDA:135,10,0,1
BRDA:139,11,0,2
BRDA:141,12,0,1
BRDA:152,13,0,91
BRDA:155,14,0,63
BRDA:162,15,0,19
BRDA:163,16,0,19
BRDA:164,17,0,19
BRDA:165,18,0,19
BRDA:166,19,0,19
BRDA:167,20,0,19
BRDA:169,21,0,19
BRDA:174,22,0,44
BRDA:186,23,0,22
BRDA:193,24,0,1
BRDA:203,25,0,4
BRDA:210,26,0,1
BRDA:217,27,0,3
BRDA:221,28,0,1
BRDA:225,29,0,0
BRDA:223,30,0,6
BRDA:233,31,0,4
BRDA:235,32,0,2
BRDA:241,33,0,4
BRDA:242,34,0,3
BRDA:248,35,0,2
BRDA:255,36,0,2
BRDA:262,37,0,2
BRDA:269,38,0,2
BRDA:276,39,0,2
BRF:40
BRH:39
end_of_record
TN:
SF:src\hooks\engine.ts
FN:24,<instance_members_initializer>
FN:29,register
FN:38,unregister
FN:50,execute
FN:84,matchesTarget
FN:97,mergeResults
FN:110,listAll
FN:117,clear
FNF:8
FNH:8
FNDA:19,<instance_members_initializer>
FNDA:46,register
FNDA:2,unregister
FNDA:13,execute
FNDA:21,matchesTarget
FNDA:12,mergeResults
FNDA:8,listAll
FNDA:1,clear
DA:1,1
DA:2,1
DA:3,1
DA:4,1
DA:5,1
DA:6,1
DA:7,1
DA:8,1
DA:9,1
DA:10,1
DA:11,1
DA:12,1
DA:13,1
DA:14,1
DA:15,1
DA:16,1
DA:17,1
DA:18,1
DA:19,1
DA:20,1
DA:21,1
DA:22,1
DA:23,1
DA:24,1
DA:25,1
DA:26,1
DA:27,1
DA:28,1
DA:29,1
DA:30,46
DA:31,46
DA:32,46
DA:33,46
DA:34,1
DA:35,1
DA:36,1
DA:37,1
DA:38,1
DA:39,2
DA:40,2
DA:41,1
DA:42,1
DA:43,1
DA:44,1
DA:45,2
DA:46,1
DA:47,1
DA:48,1
DA:49,1
DA:50,1
DA:51,13
DA:52,13
DA:53,13
DA:54,13
DA:55,13
DA:56,13
DA:57,13
DA:58,21
DA:59,21
DA:60,13
DA:61,13
DA:62,13
DA:63,13
DA:64,13
DA:65,12
DA:66,12
DA:67,12
DA:68,12
DA:69,12
DA:70,2
DA:71,2
DA:72,12
DA:73,0
DA:74,0
DA:75,0
DA:76,12
DA:77,13
DA:78,13
DA:79,13
DA:80,1
DA:81,1
DA:82,1
DA:83,1
DA:84,1
DA:85,21
DA:86,1
DA:87,1
DA:88,21
DA:89,14
DA:90,14
DA:91,6
DA:92,21
DA:93,1
DA:94,1
DA:95,1
DA:96,1
DA:97,1
DA:98,12
DA:99,12
DA:100,12
DA:101,12
DA:102,12
DA:103,12
DA:104,12
DA:105,12
DA:106,1
DA:107,1
DA:108,1
DA:109,1
DA:110,1
DA:111,8
DA:112,8
DA:113,1
DA:114,1
DA:115,1
DA:116,1
DA:117,1
DA:118,1
DA:119,1
DA:120,1
LF:120
LH:117
BRDA:24,0,0,19
BRDA:29,1,0,46
BRDA:32,2,0,68
BRDA:38,3,0,2
BRDA:40,4,0,1
BRDA:39,5,0,1
BRDA:50,6,0,13
BRDA:64,7,0,12
BRDA:69,8,0,2
BRDA:72,9,0,0
BRDA:57,10,0,33
BRDA:57,11,0,21
BRDA:58,12,0,21
BRDA:84,13,0,21
BRDA:85,14,0,1
BRDA:87,15,0,20
BRDA:88,16,0,14
BRDA:90,17,0,6
BRDA:97,18,0,12
BRDA:99,19,0,10
BRDA:100,20,0,10
BRDA:101,21,0,11
BRDA:101,22,0,8
BRDA:110,23,0,8
BRDA:117,24,0,1
BRF:25
BRH:24
end_of_record
TN:
SF:src\hooks\index.ts
FN:19,handler
FN:45,handler
FN:70,handler
FN:89,handler
FN:103,registerAllHooks
FNF:5
FNH:5
FNDA:4,handler
FNDA:2,handler
FNDA:2,handler
FNDA:2,handler
FNDA:8,registerAllHooks
DA:1,1
DA:2,1
DA:3,1
DA:4,1
DA:5,1
DA:6,1
DA:7,1
DA:8,1
DA:9,1
DA:10,1
DA:11,1
DA:12,1
DA:13,1
DA:14,1
DA:15,1
DA:16,1
DA:17,1
DA:18,1
DA:19,1
DA:20,4
DA:21,4
DA:22,4
DA:23,2
DA:24,2
DA:25,2
DA:26,2
DA:27,2
DA:28,2
DA:29,2
DA:30,2
DA:31,2
DA:32,4
DA:33,1
DA:34,1
DA:35,1
DA:36,1
DA:37,1
DA:38,1
DA:39,1
DA:40,1
DA:41,1
DA:42,1
DA:43,1
DA:44,1
DA:45,1
DA:46,2
DA:47,2
DA:48,2
DA:49,2
DA:50,1
DA:51,1
DA:52,1
DA:53,1
DA:54,1
DA:55,1
DA:56,1
DA:57,2
DA:58,1
DA:59,1
DA:60,1
DA:61,1
DA:62,1
DA:63,1
DA:64,1
DA:65,1
DA:66,1
DA:67,1
DA:68,1
DA:69,1
DA:70,1
DA:71,2
DA:72,2
DA:73,2
DA:74,2
DA:75,2
DA:76,2
DA:77,1
DA:78,1
DA:79,1
DA:80,1
DA:81,1
DA:82,1
DA:83,1
DA:84,1
DA:85,1
DA:86,1
DA:87,1
DA:88,1
DA:89,1
DA:90,2
DA:91,2
DA:92,2
DA:93,1
DA:94,1
DA:95,2
DA:96,2
DA:97,2
DA:98,1
DA:99,1
DA:100,1
DA:101,1
DA:102,1
DA:103,1
DA:104,8
DA:105,8
DA:106,8
DA:107,8
DA:108,8
DA:109,1
DA:110,1
DA:111,1
LF:111
LH:111
BRDA:19,0,0,4
BRDA:22,1,0,2
BRDA:45,2,0,2
BRDA:49,3,0,1
BRDA:49,4,0,1
BRDA:70,5,0,2
BRDA:89,6,0,2
BRDA:92,7,0,1
BRDA:93,8,0,0
BRDA:103,9,0,8
BRF:10
BRH:9
end_of_record
TN:
SF:src\templates\engine.ts
FN:24,<instance_members_initializer>
FN:28,TemplateEngine
FN:36,registerHelpers
FN:89,loadTemplates
FN:104,loadTemplate
FN:126,registerTemplate
FN:133,render
FN:146,has
FN:153,listAll
FN:160,getInfo
FN:167,getTemplateName
FN:175,getTemplateCategory
FN:183,extractDescription
FN:191,extractVariables
FNF:14
FNH:13
FNDA:23,<instance_members_initializer>
FNDA:23,TemplateEngine
FNDA:23,registerHelpers
FNDA:4,loadTemplates
FNDA:5,loadTemplate
FNDA:16,registerTemplate
FNDA:13,render
FNDA:6,has
FNDA:3,listAll
FNDA:0,getInfo
FNDA:4,getTemplateName
FNDA:4,getTemplateCategory
FNDA:4,extractDescription
FNDA:4,extractVariables
DA:1,1
DA:2,1
DA:3,1
DA:4,1
DA:5,1
DA:6,1
DA:7,1
DA:8,1
DA:9,1
DA:10,1
DA:11,1
DA:12,1
DA:13,1
DA:14,1
DA:15,1
DA:16,1
DA:17,1
DA:18,1
DA:19,1
DA:20,1
DA:21,1
DA:22,1
DA:23,1
DA:24,1
DA:25,23
DA:26,23
DA:27,1
DA:28,1
DA:29,23
DA:30,23
DA:31,23
DA:32,1
DA:33,1
DA:34,1
DA:35,1
DA:36,1
DA:37,23
DA:38,23
DA:39,23
DA:40,23
DA:41,23
DA:42,23
DA:43,23
DA:44,23
DA:45,1
DA:46,1
DA:47,1
DA:48,23
DA:49,23
DA:50,23
DA:51,23
DA:52,1
DA:53,1
DA:54,1
DA:55,23
DA:56,23
DA:57,23
DA:58,23
DA:59,1
DA:60,1
DA:61,1
DA:62,1
DA:63,23
DA:64,23
DA:65,23
DA:66,23
DA:67,23
DA:68,23
DA:69,23
DA:70,23
DA:71,23
DA:72,23
DA:73,23
DA:74,23
DA:75,23
DA:76,23
DA:77,23
DA:78,23
DA:79,23
DA:80,23
DA:81,23
DA:82,1
DA:83,23
DA:84,23
DA:85,1
DA:86,1
DA:87,1
DA:88,1
DA:89,1
DA:90,4
DA:91,4
DA:92,4
DA:93,4
DA:94,3
DA:95,3
DA:96,4
DA:97,0
DA:98,0
DA:99,4
DA:100,1
DA:101,1
DA:102,1
DA:103,1
DA:104,1
DA:105,5
DA:106,5
DA:107,4
DA:108,4
DA:109,4
DA:110,4
DA:111,4
DA:112,4
DA:113,4
DA:114,4
DA:115,4
DA:116,4
DA:117,4
DA:118,5
DA:119,1
DA:120,1
DA:121,5
DA:122,1
DA:123,1
DA:124,1
DA:125,1
DA:126,1
DA:127,16
DA:128,16
DA:129,1
DA:130,1
DA:131,1
DA:132,1
DA:133,1
DA:134,13
DA:135,13
DA:136,13
DA:137,1
DA:138,1
DA:139,12
DA:140,12
DA:141,13
DA:142,1
DA:143,1
DA:144,1
DA:145,1
DA:146,1
DA:147,6
DA:148,6
DA:149,1
DA:150,1
DA:151,1
DA:152,1
DA:153,1
DA:154,3
DA:155,3
DA:156,1
DA:157,1
DA:158,1
DA:159,1
DA:160,1
DA:161,0
DA:162,0
DA:163,1
DA:164,1
DA:165,1
DA:166,1
DA:167,1
DA:168,4
DA:169,4
DA:170,4
DA:171,1
DA:172,1
DA:173,1
DA:174,1
DA:175,1
DA:176,4
DA:177,4
DA:178,4
DA:179,1
DA:180,1
DA:181,1
DA:182,1
DA:183,1
DA:184,4
DA:185,4
DA:186,4
DA:187,1
DA:188,1
DA:189,1
DA:190,1
DA:191,1
DA:192,4
DA:193,4
DA:194,4
DA:195,4
DA:196,4
DA:197,5
DA:198,5
DA:199,5
DA:200,5
DA:201,5
DA:202,4
DA:203,4
DA:204,4
DA:205,1
LF:205
LH:201
BRDA:24,0,0,23
BRDA:28,1,0,23
BRDA:36,2,0,23
BRDA:38,3,0,1
BRDA:41,4,0,1
BRDA:44,5,0,1
BRDA:46,6,0,2
BRDA:46,7,0,0
BRDA:47,8,0,1
BRDA:51,9,0,1
BRDA:53,10,0,2
BRDA:53,11,0,0
BRDA:54,12,0,1
BRDA:58,13,0,1
BRDA:66,14,0,1
BRDA:69,15,0,1
BRDA:72,16,0,1
BRDA:75,17,0,1
BRDA:78,18,0,1
BRDA:81,19,0,1
BRDA:89,20,0,4
BRDA:93,21,0,3
BRDA:96,22,0,0
BRDA:104,23,0,5
BRDA:106,24,0,4
BRDA:118,25,0,1
BRDA:126,26,0,16
BRDA:133,27,0,13
BRDA:136,28,0,12
BRDA:136,29,0,1
BRDA:146,30,0,6
BRDA:153,31,0,3
BRDA:167,32,0,4
BRDA:175,33,0,4
BRDA:183,34,0,4
BRDA:185,35,0,0
BRDA:191,36,0,4
BRDA:196,37,0,5
BRF:38
BRH:34
end_of_record
TN:
SF:src\tools\base.ts
FN:71,handler
FN:100,formatResult
FN:115,isErrorResult
FN:125,handleError
FN:171,getJsonSchema
FN:180,zodToJsonSchema
FNF:6
FNH:6
FNDA:48,handler
FNDA:46,formatResult
FNDA:46,isErrorResult
FNDA:2,handleError
FNDA:9,getJsonSchema
FNDA:22,zodToJsonSchema
DA:1,1
DA:2,1
DA:3,1
DA:4,1
DA:5,1
DA:6,1
DA:7,1
DA:8,1
DA:9,1
DA:10,1
DA:11,1
DA:12,1
DA:13,1
DA:14,1
DA:15,1
DA:16,1
DA:17,1
DA:18,1
DA:19,1
DA:20,1
DA:21,1
DA:22,1
DA:23,1
DA:24,1
DA:25,1
DA:26,1
DA:27,1
DA:28,1
DA:29,1
DA:30,1
DA:31,1
DA:32,1
DA:33,1
DA:34,1
DA:35,1
DA:36,1
DA:37,1
DA:38,1
DA:39,1
DA:40,1
DA:41,1
DA:42,1
DA:43,1
DA:44,1
DA:45,1
DA:46,1
DA:47,1
DA:48,1
DA:49,1
DA:50,1
DA:51,1
DA:52,1
DA:53,1
DA:54,1
DA:55,1
DA:56,1
DA:57,1
DA:58,1
DA:59,1
DA:60,1
DA:61,1
DA:62,1
DA:63,1
DA:64,1
DA:65,1
DA:66,1
DA:67,1
DA:68,1
DA:69,1
DA:70,1
DA:71,1
DA:72,48
DA:73,48
DA:74,48
DA:75,48
DA:76,48
DA:77,48
DA:78,48
DA:79,48
DA:80,48
DA:81,46
DA:82,46
DA:83,46
DA:84,48
DA:85,2
DA:86,2
DA:87,48
DA:88,1
DA:89,1
DA:90,1
DA:91,1
DA:92,1
DA:93,1
DA:94,1
DA:95,1
DA:96,1
DA:97,1
DA:98,1
DA:99,1
DA:100,1
DA:101,46
DA:102,46
DA:103,46
DA:104,46
DA:105,46
DA:106,46
DA:107,46
DA:108,46
DA:109,46
DA:110,46
DA:111,1
DA:112,1
DA:113,1
DA:114,1
DA:115,1
DA:116,46
DA:117,46
DA:118,46
DA:119,0
DA:120,46
DA:121,1
DA:122,1
DA:123,1
DA:124,1
DA:125,1
DA:126,2
DA:127,1
DA:128,1
DA:129,1
DA:130,1
DA:131,1
DA:132,1
DA:133,1
DA:134,1
DA:135,1
DA:136,1
DA:137,1
DA:138,1
DA:139,1
DA:140,1
DA:141,1
DA:142,1
DA:143,1
DA:144,1
DA:145,1
DA:146,1
DA:147,1
DA:148,1
DA:149,2
DA:150,2
DA:151,2
DA:152,2
DA:153,2
DA:154,2
DA:155,2
DA:156,2
DA:157,2
DA:158,2
DA:159,2
DA:160,2
DA:161,2
DA:162,2
DA:163,2
DA:164,2
DA:165,2
DA:166,2
DA:167,1
DA:168,1
DA:169,1
DA:170,1
DA:171,1
DA:172,9
DA:173,9
DA:174,9
DA:175,1
DA:176,1
DA:177,1
DA:178,1
DA:179,1
DA:180,22
DA:181,22
DA:182,9
DA:183,9
DA:184,9
DA:185,9
DA:186,10
DA:187,10
DA:188,10
DA:189,9
DA:190,9
DA:191,10
DA:192,9
DA:193,9
DA:194,9
DA:195,9
DA:196,9
DA:197,9
DA:198,9
DA:199,13
DA:200,21
DA:201,5
DA:202,5
DA:203,8
DA:204,20
DA:205,1
DA:206,1
DA:207,7
DA:208,20
DA:209,1
DA:210,1
DA:211,6
DA:212,20
DA:213,1
DA:214,1
DA:215,1
DA:216,1
DA:217,1
DA:218,5
DA:219,20
DA:220,1
DA:221,1
DA:222,1
DA:223,1
DA:224,1
DA:225,4
DA:226,20
DA:227,1
DA:228,1
DA:229,1
DA:230,1
DA:231,1
DA:232,3
DA:233,20
DA:234,1
DA:235,1
DA:236,2
DA:237,20
DA:238,1
DA:239,1
DA:240,1
DA:241,1
DA:242,1
DA:243,1
DA:244,1
DA:245,1
DA:246,1
DA:247,1
DA:248,1
DA:249,1
DA:250,1
DA:251,0
DA:252,0
DA:253,0
DA:254,0
LF:254
LH:249
BRDA:49,0,0,6
BRDA:71,1,0,48
BRDA:80,2,0,46
BRDA:84,3,0,2
BRDA:100,4,0,46
BRDA:115,5,0,46
BRDA:118,6,0,0
BRDA:125,7,0,2
BRDA:126,8,0,1
BRDA:149,9,0,0
BRDA:137,10,0,1
BRDA:171,11,0,9
BRDA:180,12,0,22
BRDA:181,13,0,9
BRDA:185,14,0,10
BRDA:188,15,0,9
BRDA:196,16,0,0
BRDA:198,17,0,21
BRDA:198,18,0,13
BRDA:200,19,0,5
BRDA:202,20,0,20
BRDA:202,21,0,8
BRDA:204,22,0,1
BRDA:206,23,0,7
BRDA:208,24,0,1
BRDA:210,25,0,6
BRDA:212,26,0,1
BRDA:217,27,0,5
BRDA:219,28,0,1
BRDA:224,29,0,4
BRDA:226,30,0,1
BRDA:231,31,0,3
BRDA:233,32,0,1
BRDA:235,33,0,2
BRDA:237,34,0,1
BRDA:250,35,0,0
BRF:36
BRH:32
end_of_record
TN:
SF:src\tools\clock-config.ts
FN:33,<instance_members_initializer>
FN:38,execute
FN:85,generateSource
FN:178,generateHeader
FNF:4
FNH:4
FNDA:9,<instance_members_initializer>
FNDA:7,execute
FNDA:7,generateSource
FNDA:7,generateHeader
DA:1,1
DA:2,1
DA:3,1
DA:4,1
DA:5,1
DA:6,1
DA:7,1
DA:8,1
DA:9,1
DA:10,1
DA:11,1
DA:12,1
DA:13,1
DA:14,1
DA:15,1
DA:16,1
DA:17,1
DA:18,1
DA:19,1
DA:20,1
DA:21,1
DA:22,1
DA:23,1
DA:24,1
DA:25,1
DA:26,1
DA:27,1
DA:28,1
DA:29,1
DA:30,1
DA:31,1
DA:32,1
DA:33,1
DA:34,9
DA:35,9
DA:36,9
DA:37,1
DA:38,1
DA:39,7
DA:40,7
DA:41,7
DA:42,7
DA:43,0
DA:44,0
DA:45,7
DA:46,7
DA:47,7
DA:48,7
DA:49,7
DA:50,7
DA:51,7
DA:52,7
DA:53,7
DA:54,7
DA:55,7
DA:56,7
DA:57,1
DA:58,1
DA:59,7
DA:60,1
DA:61,1
DA:62,7
DA:63,7
DA:64,7
DA:65,7
DA:66,7
DA:67,7
DA:68,7
DA:69,7
DA:70,7
DA:71,7
DA:72,7
DA:73,7
DA:74,7
DA:75,7
DA:76,7
DA:77,7
DA:78,7
DA:79,7
DA:80,7
DA:81,7
DA:82,7
DA:83,7
DA:84,1
DA:85,1
DA:86,7
DA:87,7
DA:88,7
DA:89,7
DA:90,7
DA:91,7
DA:92,7
DA:93,7
DA:94,7
DA:95,7
DA:96,7
DA:97,7
DA:98,7
DA:99,7
DA:100,7
DA:101,7
DA:102,7
DA:103,7
DA:104,7
DA:105,7
DA:106,7
DA:107,7
DA:108,7
DA:109,7
DA:110,7
DA:111,7
DA:112,7
DA:113,7
DA:114,7
DA:115,7
DA:116,7
DA:117,7
DA:118,7
DA:119,7
DA:120,7
DA:121,7
DA:122,7
DA:123,7
DA:124,7
DA:125,7
DA:126,7
DA:127,7
DA:128,7
DA:129,7
DA:130,7
DA:131,7
DA:132,7
DA:133,7
DA:134,7
DA:135,7
DA:136,7
DA:137,7
DA:138,7
DA:139,7
DA:140,7
DA:141,7
DA:142,7
DA:143,7
DA:144,7
DA:145,7
DA:146,7
DA:147,7
DA:148,7
DA:149,7
DA:150,7
DA:151,7
DA:152,7
DA:153,7
DA:154,7
DA:155,7
DA:156,7
DA:157,7
DA:158,7
DA:159,7
DA:160,7
DA:161,7
DA:162,7
DA:163,7
DA:164,7
DA:165,7
DA:166,7
DA:167,7
DA:168,7
DA:169,7
DA:170,7
DA:171,7
DA:172,7
DA:173,7
DA:174,7
DA:175,7
DA:176,7
DA:177,1
DA:178,1
DA:179,7
DA:180,7
DA:181,7
DA:182,7
DA:183,7
DA:184,7
DA:185,7
DA:186,7
DA:187,7
DA:188,7
DA:189,7
DA:190,7
DA:191,7
DA:192,7
DA:193,7
DA:194,7
DA:195,7
DA:196,7
DA:197,7
DA:198,7
DA:199,7
DA:200,7
DA:201,7
DA:202,7
DA:203,7
DA:204,7
DA:205,7
DA:206,7
DA:207,7
DA:208,7
DA:209,7
DA:210,7
DA:211,7
DA:212,7
DA:213,7
DA:214,7
DA:215,7
DA:216,7
DA:217,7
DA:218,7
DA:219,7
DA:220,7
DA:221,7
DA:222,7
DA:223,7
DA:224,7
DA:225,7
DA:226,7
DA:227,1
LF:227
LH:225
BRDA:33,0,0,9
BRDA:38,1,0,7
BRDA:42,2,0,0
BRDA:49,3,0,3
BRDA:49,4,0,4
BRDA:50,5,0,3
BRDA:50,6,0,4
BRDA:51,7,0,3
BRDA:51,8,0,4
BRDA:52,9,0,3
BRDA:52,10,0,4
BRDA:56,11,0,1
BRDA:59,12,0,1
BRDA:85,13,0,7
BRDA:86,14,0,6
BRDA:119,15,0,1
BRDA:119,16,0,6
BRDA:126,17,0,3
BRDA:126,18,0,4
BRDA:127,19,0,3
BRDA:127,20,0,4
BRDA:128,21,0,3
BRDA:128,22,0,4
BRDA:148,23,0,6
BRDA:178,24,0,7
BRDA:200,25,0,6
BRDA:204,26,0,1
BRDA:204,27,0,6
BRDA:205,28,0,1
BRDA:205,29,0,6
BRDA:206,30,0,1
BRDA:206,31,0,6
BRDA:207,32,0,1
BRDA:207,33,0,6
BRDA:208,34,0,1
BRDA:208,35,0,6
BRF:36
BRH:35
end_of_record
TN:
SF:src\tools\index.ts
FN:22,registerAllTools
FNF:1
FNH:1
FNDA:1,registerAllTools
DA:1,1
DA:2,1
DA:3,1
DA:4,1
DA:5,1
DA:6,1
DA:7,1
DA:8,1
DA:9,1
DA:10,1
DA:11,1
DA:12,1
DA:13,1
DA:14,1
DA:15,1
DA:16,1
DA:17,1
DA:18,1
DA:19,1
DA:20,1
DA:21,1
DA:22,1
DA:23,1
DA:24,1
DA:25,1
DA:26,1
DA:27,1
DA:28,1
DA:29,1
DA:30,1
DA:31,1
DA:32,1
DA:33,1
DA:34,1
DA:35,1
DA:36,1
DA:37,1
DA:38,1
DA:39,1
DA:40,1
DA:41,1
DA:42,1
DA:43,1
DA:44,1
DA:45,1
DA:46,1
DA:47,1
DA:48,1
DA:49,1
DA:50,1
DA:51,1
DA:52,1
DA:53,1
DA:54,1
DA:55,1
DA:56,1
DA:57,1
DA:58,1
LF:58
LH:58
BRDA:22,0,0,1
BRF:1
BRH:1
end_of_record
TN:
SF:src\tools\manager.ts
FN:21,<instance_members_initializer>
FN:26,register
FN:36,unregister
FN:43,setEnabled
FN:53,isAvailable
FN:61,get
FN:69,listAll
FN:76,listByCategory
FN:85,listEnabled
FN:94,execute
FN:148,get count
FN:155,getByCategory
FNF:12
FNH:11
FNDA:13,<instance_members_initializer>
FNDA:21,register
FNDA:1,unregister
FNDA:3,setEnabled
FNDA:3,isAvailable
FNDA:12,get
FNDA:1,listAll
FNDA:1,listByCategory
FNDA:0,listEnabled
FNDA:3,execute
FNDA:4,get count
FNDA:1,getByCategory
DA:1,1
DA:2,1
DA:3,1
DA:4,1
DA:5,1
DA:6,1
DA:7,1
DA:8,1
DA:9,1
DA:10,1
DA:11,1
DA:12,1
DA:13,1
DA:14,1
DA:15,1
DA:16,1
DA:17,1
DA:18,1
DA:19,1
DA:20,1
DA:21,1
DA:22,1
DA:23,1
DA:24,1
DA:25,1
DA:26,1
DA:27,21
DA:28,1
DA:29,1
DA:30,20
DA:31,21
DA:32,1
DA:33,1
DA:34,1
DA:35,1
DA:36,1
DA:37,1
DA:38,1
DA:39,1
DA:40,1
DA:41,1
DA:42,1
DA:43,1
DA:44,3
DA:45,3
DA:46,3
DA:47,3
DA:48,3
DA:49,1
DA:50,1
DA:51,1
DA:52,1
DA:53,1
DA:54,3
DA:55,3
DA:56,3
DA:57,1
DA:58,1
DA:59,1
DA:60,1
DA:61,1
DA:62,12
DA:63,12
DA:64,12
DA:65,1
DA:66,1
DA:67,1
DA:68,1
DA:69,1
DA:70,1
DA:71,1
DA:72,1
DA:73,1
DA:74,1
DA:75,1
DA:76,1
DA:77,1
DA:78,1
DA:79,1
DA:80,1
DA:81,1
DA:82,1
DA:83,1
DA:84,1
DA:85,1
DA:86,0
DA:87,0
DA:88,0
DA:89,0
DA:90,1
DA:91,1
DA:92,1
DA:93,1
DA:94,1
DA:95,3
DA:96,3
DA:97,3
DA:98,3
DA:99,3
DA:100,3
DA:101,3
DA:102,1
DA:103,1
DA:104,1
DA:105,1
DA:106,1
DA:107,1
DA:108,1
DA:109,1
DA:110,1
DA:111,1
DA:112,2
DA:113,3
DA:114,1
DA:115,1
DA:116,1
DA:117,1
DA:118,1
DA:119,1
DA:120,1
DA:121,1
DA:122,1
DA:123,1
DA:124,1
DA:125,1
DA:126,1
DA:127,1
DA:128,1
DA:129,1
DA:130,1
DA:131,1
DA:132,1
DA:133,1
DA:134,3
DA:135,1
DA:136,1
DA:137,1
DA:138,0
DA:139,0
DA:140,1
DA:141,0
DA:142,0
DA:143,3
DA:144,1
DA:145,1
DA:146,1
DA:147,1
DA:148,1
DA:149,4
DA:150,4
DA:151,1
DA:152,1
DA:153,1
DA:154,1
DA:155,1
DA:156,1
DA:157,1
DA:158,1
DA:159,1
DA:160,1
DA:161,1
DA:162,1
DA:163,1
DA:164,1
DA:165,1
DA:166,1
DA:167,1
DA:168,1
DA:169,1
DA:170,1
DA:171,1
DA:172,1
DA:173,1
LF:173
LH:165
BRDA:21,0,0,13
BRDA:26,1,0,21
BRDA:27,2,0,1
BRDA:29,3,0,20
BRDA:36,4,0,1
BRDA:43,5,0,3
BRDA:53,6,0,3
BRDA:61,7,0,12
BRDA:63,8,0,11
BRDA:69,9,0,1
BRDA:70,10,0,1
BRDA:76,11,0,1
BRDA:78,12,0,1
BRDA:79,13,0,1
BRDA:94,14,0,3
BRDA:101,15,0,1
BRDA:111,16,0,2
BRDA:113,17,0,1
BRDA:134,18,0,1
BRDA:134,19,0,1
BRDA:137,20,0,0
BRDA:140,21,0,0
BRDA:148,22,0,4
BRDA:155,23,0,1
BRF:24
BRH:22
end_of_record
TN:
SF:src\tools\memory-map.ts
FN:20,<instance_members_initializer>
FN:25,execute
FN:47,generateMemorySections
FN:60,calculateFlashUsage
FN:72,calculateRamUsage
FN:86,getLargestSymbols
FNF:6
FNH:6
FNDA:3,<instance_members_initializer>
FNDA:1,execute
FNDA:1,generateMemorySections
FNDA:1,calculateFlashUsage
FNDA:1,calculateRamUsage
FNDA:1,getLargestSymbols
DA:1,1
DA:2,1
DA:3,1
DA:4,1
DA:5,1
DA:6,1
DA:7,1
DA:8,1
DA:9,1
DA:10,1
DA:11,1
DA:12,1
DA:13,1
DA:14,1
DA:15,1
DA:16,1
DA:17,1
DA:18,1
DA:19,1
DA:20,1
DA:21,3
DA:22,3
DA:23,3
DA:24,1
DA:25,1
DA:26,1
DA:27,1
DA:28,1
DA:29,1
DA:30,1
DA:31,1
DA:32,1
DA:33,1
DA:34,1
DA:35,1
DA:36,1
DA:37,1
DA:38,1
DA:39,1
DA:40,1
DA:41,1
DA:42,1
DA:43,1
DA:44,1
DA:45,1
DA:46,1
DA:47,1
DA:48,1
DA:49,1
DA:50,1
DA:51,1
DA:52,1
DA:53,1
DA:54,1
DA:55,1
DA:56,1
DA:57,1
DA:58,1
DA:59,1
DA:60,1
DA:61,1
DA:62,1
DA:63,1
DA:64,1
DA:65,1
DA:66,1
DA:67,1
DA:68,1
DA:69,1
DA:70,1
DA:71,1
DA:72,1
DA:73,1
DA:74,8
DA:75,1
DA:76,1
DA:77,1
DA:78,1
DA:79,1
DA:80,1
DA:81,1
DA:82,1
DA:83,1
DA:84,1
DA:85,1
DA:86,1
DA:87,1
DA:88,1
DA:89,1
DA:90,1
DA:91,1
DA:92,1
DA:93,1
DA:94,1
DA:95,1
DA:96,1
DA:97,1
LF:97
LH:97
BRDA:20,0,0,3
BRDA:25,1,0,1
BRDA:43,2,0,0
BRDA:47,3,0,1
BRDA:60,4,0,1
BRDA:61,5,0,8
BRDA:61,6,0,6
BRDA:62,7,0,3
BRDA:72,8,0,1
BRDA:73,9,0,8
BRDA:74,10,0,6
BRDA:74,11,0,5
BRDA:74,12,0,4
BRDA:76,13,0,5
BRDA:86,14,0,1
BRF:15
BRH:14
end_of_record
TN:
SF:src\tools\model-convert.ts
FN:23,<instance_members_initializer>
FN:28,execute
FN:77,checkFileExists
FN:87,analyzeModel
FN:119,estimateMemory
FN:132,generateSummary
FNF:6
FNH:6
FNDA:7,<instance_members_initializer>
FNDA:5,execute
FNDA:5,checkFileExists
FNDA:4,analyzeModel
FNDA:4,estimateMemory
FNDA:4,generateSummary
DA:1,1
DA:2,1
DA:3,1
DA:4,1
DA:5,1
DA:6,1
DA:7,1
DA:8,1
DA:9,1
DA:10,1
DA:11,1
DA:12,1
DA:13,1
DA:14,1
DA:15,1
DA:16,1
DA:17,1
DA:18,1
DA:19,1
DA:20,1
DA:21,1
DA:22,1
DA:23,1
DA:24,7
DA:25,7
DA:26,7
DA:27,1
DA:28,1
DA:29,5
DA:30,5
DA:31,5
DA:32,5
DA:33,1
DA:34,1
DA:35,1
DA:36,1
DA:37,1
DA:38,1
DA:39,1
DA:40,1
DA:41,1
DA:42,1
DA:43,1
DA:44,1
DA:45,1
DA:46,1
DA:47,1
DA:48,1
DA:49,1
DA:50,1
DA:51,1
DA:52,1
DA:53,1
DA:54,4
DA:55,4
DA:56,4
DA:57,4
DA:58,4
DA:59,4
DA:60,4
DA:61,4
DA:62,4
DA:63,3
DA:64,5
DA:65,5
DA:66,5
DA:67,5
DA:68,5
DA:69,5
DA:70,5
DA:71,5
DA:72,5
DA:73,5
DA:74,5
DA:75,5
DA:76,1
DA:77,1
DA:78,5
DA:79,5
DA:80,5
DA:81,4
DA:82,5
DA:83,1
DA:84,1
DA:85,5
DA:86,1
DA:87,1
DA:88,4
DA:89,4
DA:90,4
DA:91,4
DA:92,4
DA:93,4
DA:94,4
DA:95,4
DA:96,4
DA:97,4
DA:98,4
DA:99,4
DA:100,4
DA:101,4
DA:102,4
DA:103,4
DA:104,4
DA:105,4
DA:106,4
DA:107,4
DA:108,4
DA:109,4
DA:110,4
DA:111,4
DA:112,4
DA:113,4
DA:114,4
DA:115,4
DA:116,4
DA:117,4
DA:118,1
DA:119,1
DA:120,4
DA:121,4
DA:122,4
DA:123,4
DA:124,4
DA:125,4
DA:126,4
DA:127,4
DA:128,4
DA:129,4
DA:130,4
DA:131,1
DA:132,1
DA:133,4
DA:134,4
DA:135,4
DA:136,4
DA:137,4
DA:138,4
DA:139,4
DA:140,4
DA:141,4
DA:142,4
DA:143,4
DA:144,4
DA:145,4
DA:146,4
DA:147,4
DA:148,4
DA:149,4
DA:150,4
DA:151,4
DA:152,4
DA:153,4
DA:154,4
DA:155,4
DA:156,4
DA:157,1
LF:157
LH:157
BRDA:23,0,0,7
BRDA:28,1,0,5
BRDA:32,2,0,1
BRDA:53,3,0,4
BRDA:62,4,0,3
BRDA:77,5,0,5
BRDA:80,6,0,4
BRDA:82,7,0,1
BRDA:87,8,0,4
BRDA:92,9,0,0
BRDA:119,10,0,4
BRDA:132,11,0,4
BRDA:146,12,0,0
BRF:13
BRH:11
end_of_record
TN:
SF:src\tools\model-quantize.ts
FN:24,<instance_members_initializer>
FN:29,execute
FN:82,checkFileExists
FN:92,getFileSize
FN:102,getCompressionRatio
FN:112,getLatencyImprovement
FN:122,evaluateQuantizationAccuracy
FN:151,generateLayerAnalysis
FNF:8
FNH:8
FNDA:9,<instance_members_initializer>
FNDA:7,execute
FNDA:7,checkFileExists
FNDA:6,getFileSize
FNDA:12,getCompressionRatio
FNDA:6,getLatencyImprovement
FNDA:5,evaluateQuantizationAccuracy
FNDA:6,generateLayerAnalysis
DA:1,1
DA:2,1
DA:3,1
DA:4,1
DA:5,1
DA:6,1
DA:7,1
DA:8,1
DA:9,1
DA:10,1
DA:11,1
DA:12,1
DA:13,1
DA:14,1
DA:15,1
DA:16,1
DA:17,1
DA:18,1
DA:19,1
DA:20,1
DA:21,1
DA:22,1
DA:23,1
DA:24,1
DA:25,9
DA:26,9
DA:27,9
DA:28,1
DA:29,1
DA:30,7
DA:31,7
DA:32,7
DA:33,7
DA:34,1
DA:35,1
DA:36,1
DA:37,1
DA:38,1
DA:39,1
DA:40,1
DA:41,1
DA:42,1
DA:43,1
DA:44,1
DA:45,6
DA:46,6
DA:47,6
DA:48,6
DA:49,6
DA:50,6
DA:51,6
DA:52,6
DA:53,6
DA:54,6
DA:55,6
DA:56,6
DA:57,6
DA:58,6
DA:59,5
DA:60,5
DA:61,6
DA:62,6
DA:63,6
DA:64,5
DA:65,7
DA:66,7
DA:67,7
DA:68,7
DA:69,7
DA:70,7
DA:71,7
DA:72,7
DA:73,7
DA:74,7
DA:75,7
DA:76,7
DA:77,7
DA:78,7
DA:79,7
DA:80,7
DA:81,1
DA:82,1
DA:83,7
DA:84,7
DA:85,7
DA:86,6
DA:87,7
DA:88,1
DA:89,1
DA:90,7
DA:91,1
DA:92,1
DA:93,6
DA:94,6
DA:95,6
DA:96,6
DA:97,6
DA:98,0
DA:99,0
DA:100,6
DA:101,1
DA:102,1
DA:103,12
DA:104,12
DA:105,12
DA:106,12
DA:107,12
DA:108,12
DA:109,12
DA:110,12
DA:111,1
DA:112,1
DA:113,6
DA:114,6
DA:115,6
DA:116,6
DA:117,6
DA:118,6
DA:119,6
DA:120,6
DA:121,1
DA:122,1
DA:123,5
DA:124,5
DA:125,5
DA:126,5
DA:127,5
DA:128,5
DA:129,5
DA:130,5
DA:131,2
DA:132,2
DA:133,5
DA:134,1
DA:135,1
DA:136,5
DA:137,1
DA:138,1
DA:139,5
DA:140,1
DA:141,1
DA:142,5
DA:143,5
DA:144,5
DA:145,5
DA:146,5
DA:147,5
DA:148,5
DA:149,5
DA:150,1
DA:151,1
DA:152,6
DA:153,6
DA:154,6
DA:155,6
DA:156,6
DA:157,6
DA:158,6
DA:159,6
DA:160,6
DA:161,6
DA:162,6
DA:163,6
DA:164,6
DA:165,6
DA:166,6
DA:167,6
DA:168,6
DA:169,6
DA:170,6
DA:171,36
DA:172,36
DA:173,36
DA:174,36
DA:175,36
DA:176,6
DA:177,6
DA:178,1
LF:178
LH:176
BRDA:24,0,0,9
BRDA:29,1,0,7
BRDA:33,2,0,1
BRDA:44,3,0,6
BRDA:58,4,0,5
BRDA:63,5,0,5
BRDA:82,6,0,7
BRDA:85,7,0,6
BRDA:87,8,0,1
BRDA:92,9,0,6
BRDA:97,10,0,0
BRDA:102,11,0,12
BRDA:109,12,0,0
BRDA:112,13,0,6
BRDA:119,14,0,0
BRDA:122,15,0,5
BRDA:130,16,0,2
BRDA:133,17,0,1
BRDA:136,18,0,1
BRDA:139,19,0,1
BRDA:151,20,0,6
BRDA:170,21,0,36
BRF:22
BRH:19
end_of_record
TN:
SF:src\tools\peripheral-config.ts
FN:34,<instance_members_initializer>
FN:39,execute
FN:98,getPeripheralType
FN:112,generateHeader
FN:169,generateSource
FN:261,generateConfig
FN:303,generateExample
FN:338,getPinConfig
FN:364,getDmaConfig
FN:379,getInterruptConfig
FNF:10
FNH:10
FNDA:3,<instance_members_initializer>
FNDA:1,execute
FNDA:2,getPeripheralType
FNDA:1,generateHeader
FNDA:1,generateSource
FNDA:1,generateConfig
FNDA:1,generateExample
FNDA:1,getPinConfig
FNDA:1,getDmaConfig
FNDA:1,getInterruptConfig
DA:1,1
DA:2,1
DA:3,1
DA:4,1
DA:5,1
DA:6,1
DA:7,1
DA:8,1
DA:9,1
DA:10,1
DA:11,1
DA:12,1
DA:13,1
DA:14,1
DA:15,1
DA:16,1
DA:17,1
DA:18,1
DA:19,1
DA:20,1
DA:21,1
DA:22,1
DA:23,1
DA:24,1
DA:25,1
DA:26,1
DA:27,1
DA:28,1
DA:29,1
DA:30,1
DA:31,1
DA:32,1
DA:33,1
DA:34,1
DA:35,3
DA:36,3
DA:37,3
DA:38,1
DA:39,1
DA:40,1
DA:41,1
DA:42,1
DA:43,1
DA:44,1
DA:45,1
DA:46,1
DA:47,1
DA:48,1
DA:49,1
DA:50,1
DA:51,1
DA:52,1
DA:53,1
DA:54,1
DA:55,1
DA:56,1
DA:57,1
DA:58,1
DA:59,1
DA:60,1
DA:61,1
DA:62,1
DA:63,1
DA:64,1
DA:65,1
DA:66,1
DA:67,1
DA:68,1
DA:69,1
DA:70,1
DA:71,1
DA:72,1
DA:73,1
DA:74,1
DA:75,1
DA:76,1
DA:77,1
DA:78,1
DA:79,1
DA:80,1
DA:81,1
DA:82,1
DA:83,1
DA:84,1
DA:85,1
DA:86,1
DA:87,1
DA:88,1
DA:89,1
DA:90,1
DA:91,1
DA:92,1
DA:93,1
DA:94,1
DA:95,1
DA:96,1
DA:97,1
DA:98,1
DA:99,2
DA:100,0
DA:101,2
DA:102,0
DA:103,0
DA:104,0
DA:105,0
DA:106,0
DA:107,0
DA:108,0
DA:109,0
DA:110,2
DA:111,1
DA:112,1
DA:113,1
DA:114,1
DA:115,1
DA:116,1
DA:117,1
DA:118,1
DA:119,1
DA:120,1
DA:121,1
DA:122,1
DA:123,1
DA:124,1
DA:125,1
DA:126,1
DA:127,1
DA:128,1
DA:129,1
DA:130,1
DA:131,1
DA:132,1
DA:133,1
DA:134,1
DA:135,1
DA:136,1
DA:137,1
DA:138,1
DA:139,1
DA:140,1
DA:141,1
DA:142,1
DA:143,1
DA:144,1
DA:145,1
DA:146,1
DA:147,1
DA:148,1
DA:149,1
DA:150,1
DA:151,1
DA:152,1
DA:153,1
DA:154,1
DA:155,1
DA:156,1
DA:157,1
DA:158,1
DA:159,1
DA:160,1
DA:161,1
DA:162,1
DA:163,1
DA:164,1
DA:165,1
DA:166,1
DA:167,1
DA:168,1
DA:169,1
DA:170,1
DA:171,1
DA:172,1
DA:173,1
DA:174,1
DA:175,1
DA:176,1
DA:177,1
DA:178,1
DA:179,1
DA:180,1
DA:181,1
DA:182,1
DA:183,1
DA:184,1
DA:185,1
DA:186,1
DA:187,1
DA:188,1
DA:189,1
DA:190,1
DA:191,1
DA:192,1
DA:193,1
DA:194,1
DA:195,1
DA:196,1
DA:197,1
DA:198,1
DA:199,1
DA:200,1
DA:201,1
DA:202,1
DA:203,1
DA:204,1
DA:205,1
DA:206,1
DA:207,1
DA:208,1
DA:209,1
DA:210,1
DA:211,1
DA:212,1
DA:213,1
DA:214,1
DA:215,1
DA:216,1
DA:217,1
DA:218,1
DA:219,1
DA:220,1
DA:221,1
DA:222,1
DA:223,1
DA:224,1
DA:225,1
DA:226,1
DA:227,1
DA:228,1
DA:229,1
DA:230,1
DA:231,1
DA:232,1
DA:233,1
DA:234,1
DA:235,1
DA:236,1
DA:237,1
DA:238,1
DA:239,1
DA:240,1
DA:241,1
DA:242,1
DA:243,1
DA:244,1
DA:245,1
DA:246,1
DA:247,1
DA:248,1
DA:249,1
DA:250,1
DA:251,1
DA:252,1
DA:253,1
DA:254,1
DA:255,1
DA:256,1
DA:257,1
DA:258,1
DA:259,1
DA:260,1
DA:261,1
DA:262,1
DA:263,1
DA:264,1
DA:265,1
DA:266,1
DA:267,1
DA:268,1
DA:269,1
DA:270,1
DA:271,1
DA:272,1
DA:273,1
DA:274,1
DA:275,1
DA:276,1
DA:277,1
DA:278,1
DA:279,1
DA:280,1
DA:281,1
DA:282,1
DA:283,1
DA:284,1
DA:285,1
DA:286,1
DA:287,1
DA:288,1
DA:289,1
DA:290,1
DA:291,1
DA:292,1
DA:293,1
DA:294,1
DA:295,1
DA:296,1
DA:297,1
DA:298,1
DA:299,1
DA:300,1
DA:301,1
DA:302,1
DA:303,1
DA:304,1
DA:305,1
DA:306,1
DA:307,1
DA:308,1
DA:309,1
DA:310,1
DA:311,1
DA:312,1
DA:313,1
DA:314,1
DA:315,1
DA:316,1
DA:317,1
DA:318,1
DA:319,1
DA:320,1
DA:321,1
DA:322,1
DA:323,1
DA:324,1
DA:325,1
DA:326,1
DA:327,1
DA:328,1
DA:329,1
DA:330,1
DA:331,1
DA:332,1
DA:333,1
DA:334,1
DA:335,1
DA:336,1
DA:337,1
DA:338,1
DA:339,1
DA:340,1
DA:341,1
DA:342,1
DA:343,1
DA:344,1
DA:345,1
DA:346,1
DA:347,1
DA:348,1
DA:349,1
DA:350,1
DA:351,1
DA:352,1
DA:353,1
DA:354,1
DA:355,1
DA:356,1
DA:357,1
DA:358,1
DA:359,1
DA:360,0
DA:361,0
DA:362,1
DA:363,1
DA:364,1
DA:365,1
DA:366,1
DA:367,1
DA:368,1
DA:369,1
DA:370,1
DA:371,1
DA:372,1
DA:373,1
DA:374,1
DA:375,1
DA:376,1
DA:377,1
DA:378,1
DA:379,1
DA:380,1
DA:381,1
DA:382,1
DA:383,1
DA:384,1
DA:385,1
DA:386,1
DA:387,1
DA:388,1
DA:389,1
DA:390,1
DA:391,1
DA:392,1
DA:393,1
DA:394,1
DA:395,1
LF:395
LH:384
BRDA:34,0,0,3
BRDA:39,1,0,1
BRDA:93,2,0,0
BRDA:94,3,0,0
BRDA:98,4,0,2
BRDA:99,5,0,0
BRDA:101,6,0,0
BRDA:112,7,0,1
BRDA:169,8,0,1
BRDA:261,9,0,1
BRDA:291,10,0,0
BRDA:292,11,0,0
BRDA:303,12,0,1
BRDA:338,13,0,1
BRDA:359,14,0,0
BRDA:364,15,0,1
BRDA:376,16,0,0
BRDA:379,17,0,1
BRDA:393,18,0,0
BRF:19
BRH:10
end_of_record
TN:
SF:src\tools\register-inspect.ts
FN:108,<instance_members_initializer>
FN:113,execute
FN:162,simulateRead
FN:179,extractBits
FNF:4
FNH:4
FNDA:4,<instance_members_initializer>
FNDA:2,execute
FNDA:1,simulateRead
FNDA:8,extractBits
DA:1,1
DA:2,1
DA:3,1
DA:4,1
DA:5,1
DA:6,1
DA:7,1
DA:8,1
DA:9,1
DA:10,1
DA:11,1
DA:12,1
DA:13,1
DA:14,1
DA:15,1
DA:16,1
DA:17,1
DA:18,1
DA:19,1
DA:20,1
DA:21,1
DA:22,1
DA:23,1
DA:24,1
DA:25,1
DA:26,1
DA:27,1
DA:28,1
DA:29,1
DA:30,1
DA:31,1
DA:32,1
DA:33,1
DA:34,1
DA:35,1
DA:36,1
DA:37,1
DA:38,1
DA:39,1
DA:40,1
DA:41,1
DA:42,1
DA:43,1
DA:44,1
DA:45,1
DA:46,1
DA:47,1
DA:48,1
DA:49,1
DA:50,1
DA:51,1
DA:52,1
DA:53,1
DA:54,1
DA:55,1
DA:56,1
DA:57,1
DA:58,1
DA:59,1
DA:60,1
DA:61,1
DA:62,1
DA:63,1
DA:64,1
DA:65,1
DA:66,1
DA:67,1
DA:68,1
DA:69,1
DA:70,1
DA:71,1
DA:72,1
DA:73,1
DA:74,1
DA:75,1
DA:76,1
DA:77,1
DA:78,1
DA:79,1
DA:80,1
DA:81,1
DA:82,1
DA:83,1
DA:84,1
DA:85,1
DA:86,1
DA:87,1
DA:88,1
DA:89,1
DA:90,1
DA:91,1
DA:92,1
DA:93,1
DA:94,1
DA:95,1
DA:96,1
DA:97,1
DA:98,1
DA:99,1
DA:100,1
DA:101,1
DA:102,1
DA:103,1
DA:104,1
DA:105,1
DA:106,1
DA:107,1
DA:108,1
DA:109,4
DA:110,4
DA:111,4
DA:112,1
DA:113,1
DA:114,2
DA:115,2
DA:116,2
DA:117,2
DA:118,2
DA:119,2
DA:120,1
DA:121,1
DA:122,1
DA:123,1
DA:124,1
DA:125,1
DA:126,1
DA:127,1
DA:128,1
DA:129,1
DA:130,1
DA:131,1
DA:132,2
DA:133,0
DA:134,0
DA:135,0
DA:136,0
DA:137,0
DA:138,0
DA:139,0
DA:140,0
DA:141,0
DA:142,1
DA:143,1
DA:144,1
DA:145,1
DA:146,1
DA:147,1
DA:148,8
DA:149,8
DA:150,1
DA:151,1
DA:152,1
DA:153,1
DA:154,1
DA:155,1
DA:156,1
DA:157,1
DA:158,1
DA:159,1
DA:160,2
DA:161,1
DA:162,1
DA:163,1
DA:164,1
DA:165,1
DA:166,1
DA:167,1
DA:168,1
DA:169,1
DA:170,1
DA:171,1
DA:172,1
DA:173,1
DA:174,1
DA:175,1
DA:176,1
DA:177,1
DA:178,1
DA:179,1
DA:180,8
DA:181,8
DA:182,8
DA:183,8
DA:184,8
DA:185,0
DA:186,0
DA:187,0
DA:188,0
DA:189,0
DA:190,8
DA:191,1
LF:191
LH:177
BRDA:108,0,0,4
BRDA:113,1,0,2
BRDA:119,2,0,1
BRDA:132,3,0,0
BRDA:141,4,0,1
BRDA:147,5,0,8
BRDA:162,6,0,1
BRDA:176,7,0,0
BRDA:179,8,0,8
BRDA:182,9,0,0
BRDA:184,10,0,0
BRF:11
BRH:7
end_of_record
TN:
SF:src\tools\stm32-build.ts
FN:21,<instance_members_initializer>
FN:26,execute
FN:69,detectProjectType
FN:92,buildCubeIDE
FN:117,buildCMake
FN:148,buildMake
FNF:6
FNH:6
FNDA:7,<instance_members_initializer>
FNDA:5,execute
FNDA:5,detectProjectType
FNDA:1,buildCubeIDE
FNDA:1,buildCMake
FNDA:1,buildMake
DA:1,1
DA:2,1
DA:3,1
DA:4,1
DA:5,1
DA:6,1
DA:7,1
DA:8,1
DA:9,1
DA:10,1
DA:11,1
DA:12,1
DA:13,1
DA:14,1
DA:15,1
DA:16,1
DA:17,1
DA:18,1
DA:19,1
DA:20,1
DA:21,1
DA:22,7
DA:23,7
DA:24,7
DA:25,1
DA:26,1
DA:27,5
DA:28,5
DA:29,5
DA:30,5
DA:31,2
DA:32,2
DA:33,2
DA:34,2
DA:35,2
DA:36,2
DA:37,2
DA:38,2
DA:39,2
DA:40,2
DA:41,2
DA:42,2
DA:43,3
DA:44,3
DA:45,3
DA:46,3
DA:47,3
DA:48,4
DA:49,1
DA:50,1
DA:51,5
DA:52,1
DA:53,1
DA:54,5
DA:55,1
DA:56,1
DA:57,5
DA:58,0
DA:59,0
DA:60,0
DA:61,0
DA:62,0
DA:63,0
DA:64,5
DA:65,3
DA:66,3
DA:67,5
DA:68,1
DA:69,1
DA:70,5
DA:71,5
DA:72,5
DA:73,5
DA:74,5
DA:75,5
DA:76,5
DA:77,1
DA:78,1
DA:79,5
DA:80,1
DA:81,1
DA:82,5
DA:83,1
DA:84,1
DA:85,2
DA:86,2
DA:87,5
DA:88,0
DA:89,0
DA:90,5
DA:91,1
DA:92,1
DA:93,1
DA:94,1
DA:95,1
DA:96,1
DA:97,1
DA:98,1
DA:99,1
DA:100,1
DA:101,1
DA:102,1
DA:103,1
DA:104,1
DA:105,1
DA:106,1
DA:107,1
DA:108,1
DA:109,1
DA:110,1
DA:111,1
DA:112,1
DA:113,1
DA:114,1
DA:115,1
DA:116,1
DA:117,1
DA:118,1
DA:119,1
DA:120,1
DA:121,1
DA:122,1
DA:123,1
DA:124,1
DA:125,1
DA:126,1
DA:127,1
DA:128,1
DA:129,1
DA:130,1
DA:131,1
DA:132,1
DA:133,1
DA:134,1
DA:135,1
DA:136,1
DA:137,1
DA:138,1
DA:139,1
DA:140,1
DA:141,1
DA:142,1
DA:143,1
DA:144,1
DA:145,1
DA:146,1
DA:147,1
DA:148,1
DA:149,1
DA:150,1
DA:151,1
DA:152,1
DA:153,1
DA:154,1
DA:155,1
DA:156,1
DA:157,1
DA:158,1
DA:159,1
DA:160,1
DA:161,1
DA:162,1
DA:163,1
DA:164,1
DA:165,1
DA:166,1
DA:167,1
DA:168,1
DA:169,1
DA:170,1
DA:171,1
DA:172,1
DA:173,1
DA:174,1
DA:175,1
DA:176,1
LF:176
LH:168
BRDA:21,0,0,7
BRDA:26,1,0,5
BRDA:30,2,0,2
BRDA:42,3,0,4
BRDA:42,4,0,3
BRDA:48,5,0,1
BRDA:51,6,0,1
BRDA:54,7,0,1
BRDA:57,8,0,0
BRDA:64,9,0,3
BRDA:69,10,0,5
BRDA:76,11,0,1
BRDA:78,12,0,4
BRDA:79,13,0,1
BRDA:81,14,0,3
BRDA:82,15,0,2
BRDA:82,16,0,1
BRDA:87,17,0,0
BRDA:92,18,0,1
BRDA:117,19,0,1
BRDA:148,20,0,1
BRF:21
BRH:19
end_of_record
TN:
SF:src\tools\stm32-debug.ts
FN:24,<instance_members_initializer>
FN:31,execute
FN:57,checkFileExists
FN:67,getStartupMessage
FNF:4
FNH:4
FNDA:7,<instance_members_initializer>
FNDA:5,execute
FNDA:5,checkFileExists
FNDA:4,getStartupMessage
DA:1,1
DA:2,1
DA:3,1
DA:4,1
DA:5,1
DA:6,1
DA:7,1
DA:8,1
DA:9,1
DA:10,1
DA:11,1
DA:12,1
DA:13,1
DA:14,1
DA:15,1
DA:16,1
DA:17,1
DA:18,1
DA:19,1
DA:20,1
DA:21,1
DA:22,1
DA:23,1
DA:24,1
DA:25,7
DA:26,7
DA:27,7
DA:28,7
DA:29,7
DA:30,1
DA:31,1
DA:32,5
DA:33,5
DA:34,5
DA:35,5
DA:36,1
DA:37,1
DA:38,1
DA:39,1
DA:40,1
DA:41,4
DA:42,4
DA:43,4
DA:44,4
DA:45,4
DA:46,4
DA:47,4
DA:48,4
DA:49,4
DA:50,4
DA:51,4
DA:52,4
DA:53,4
DA:54,4
DA:55,5
DA:56,1
DA:57,1
DA:58,5
DA:59,5
DA:60,5
DA:61,4
DA:62,5
DA:63,1
DA:64,1
DA:65,5
DA:66,1
DA:67,1
DA:68,4
DA:69,4
DA:70,4
DA:71,4
DA:72,4
DA:73,4
DA:74,4
DA:75,4
DA:76,4
DA:77,1
DA:78,1
DA:79,4
DA:80,4
DA:81,2
DA:82,2
DA:83,4
DA:84,4
DA:85,4
DA:86,4
DA:87,4
DA:88,4
DA:89,4
DA:90,4
DA:91,4
DA:92,4
DA:93,4
DA:94,4
DA:95,4
DA:96,4
DA:97,4
DA:98,4
DA:99,1
LF:99
LH:99
BRDA:24,0,0,7
BRDA:31,1,0,5
BRDA:35,2,0,1
BRDA:40,3,0,4
BRDA:57,4,0,5
BRDA:60,5,0,4
BRDA:62,6,0,1
BRDA:67,7,0,4
BRDA:76,8,0,1
BRDA:80,9,0,2
BRF:10
BRH:10
end_of_record
TN:
SF:src\tools\stm32-flash.ts
FN:23,<instance_members_initializer>
FN:28,execute
FN:65,checkFileExists
FN:75,getFileSize
FN:85,executeFlash
FNF:5
FNH:5
FNDA:6,<instance_members_initializer>
FNDA:4,execute
FNDA:4,checkFileExists
FNDA:3,getFileSize
FNDA:3,executeFlash
DA:1,1
DA:2,1
DA:3,1
DA:4,1
DA:5,1
DA:6,1
DA:7,1
DA:8,1
DA:9,1
DA:10,1
DA:11,1
DA:12,1
DA:13,1
DA:14,1
DA:15,1
DA:16,1
DA:17,1
DA:18,1
DA:19,1
DA:20,1
DA:21,1
DA:22,1
DA:23,1
DA:24,6
DA:25,6
DA:26,6
DA:27,1
DA:28,1
DA:29,4
DA:30,4
DA:31,4
DA:32,4
DA:33,1
DA:34,1
DA:35,1
DA:36,1
DA:37,1
DA:38,1
DA:39,1
DA:40,3
DA:41,3
DA:42,3
DA:43,3
DA:44,3
DA:45,3
DA:46,3
DA:47,3
DA:48,3
DA:49,3
DA:50,3
DA:51,3
DA:52,3
DA:53,3
DA:54,3
DA:55,3
DA:56,3
DA:57,3
DA:58,3
DA:59,3
DA:60,3
DA:61,3
DA:62,3
DA:63,4
DA:64,1
DA:65,1
DA:66,4
DA:67,4
DA:68,4
DA:69,3
DA:70,4
DA:71,1
DA:72,1
DA:73,4
DA:74,1
DA:75,1
DA:76,3
DA:77,3
DA:78,3
DA:79,3
DA:80,3
DA:81,0
DA:82,0
DA:83,3
DA:84,1
DA:85,1
DA:86,3
DA:87,3
DA:88,3
DA:89,3
DA:90,3
DA:91,3
DA:92,3
DA:93,3
DA:94,3
DA:95,3
DA:96,3
DA:97,3
DA:98,3
DA:99,3
DA:100,3
DA:101,3
DA:102,3
DA:103,1
LF:103
LH:101
BRDA:23,0,0,6
BRDA:28,1,0,4
BRDA:32,2,0,1
BRDA:39,3,0,3
BRDA:65,4,0,4
BRDA:68,5,0,3
BRDA:70,6,0,1
BRDA:75,7,0,3
BRDA:80,8,0,0
BRDA:85,9,0,3
BRDA:97,10,0,2
BRDA:97,11,0,1
BRDA:98,12,0,2
BRDA:98,13,0,1
BRF:14
BRH:13
end_of_record
TN:
SF:src\tools\trace-analyze.ts
FN:24,<instance_members_initializer>
FN:29,execute
FN:82,checkFileExists
FN:92,analyzeTiming
FN:102,analyzeCoverage
FN:114,generateRecommendations
FNF:6
FNH:6
FNDA:8,<instance_members_initializer>
FNDA:6,execute
FNDA:6,checkFileExists
FNDA:3,analyzeTiming
FNDA:2,analyzeCoverage
FNDA:5,generateRecommendations
DA:1,1
DA:2,1
DA:3,1
DA:4,1
DA:5,1
DA:6,1
DA:7,1
DA:8,1
DA:9,1
DA:10,1
DA:11,1
DA:12,1
DA:13,1
DA:14,1
DA:15,1
DA:16,1
DA:17,1
DA:18,1
DA:19,1
DA:20,1
DA:21,1
DA:22,1
DA:23,1
DA:24,1
DA:25,8
DA:26,8
DA:27,8
DA:28,1
DA:29,1
DA:30,6
DA:31,6
DA:32,6
DA:33,6
DA:34,1
DA:35,1
DA:36,1
DA:37,1
DA:38,1
DA:39,1
DA:40,1
DA:41,1
DA:42,1
DA:43,1
DA:44,5
DA:45,5
DA:46,5
DA:47,5
DA:48,5
DA:49,5
DA:50,5
DA:51,5
DA:52,5
DA:53,3
DA:54,3
DA:55,3
DA:56,3
DA:57,5
DA:58,5
DA:59,5
DA:60,2
DA:61,2
DA:62,5
DA:63,5
DA:64,5
DA:65,2
DA:66,2
DA:67,5
DA:68,5
DA:69,5
DA:70,5
DA:71,5
DA:72,5
DA:73,5
DA:74,5
DA:75,5
DA:76,5
DA:77,5
DA:78,5
DA:79,5
DA:80,6
DA:81,1
DA:82,1
DA:83,6
DA:84,6
DA:85,6
DA:86,5
DA:87,6
DA:88,1
DA:89,1
DA:90,6
DA:91,1
DA:92,1
DA:93,3
DA:94,3
DA:95,3
DA:96,3
DA:97,3
DA:98,3
DA:99,3
DA:100,3
DA:101,1
DA:102,1
DA:103,2
DA:104,2
DA:105,2
DA:106,2
DA:107,2
DA:108,2
DA:109,2
DA:110,2
DA:111,2
DA:112,2
DA:113,1
DA:114,1
DA:115,5
DA:116,5
DA:117,5
DA:118,3
DA:119,3
DA:120,3
DA:121,3
DA:122,3
DA:123,3
DA:124,3
DA:125,3
DA:126,5
DA:127,5
DA:128,2
DA:129,2
DA:130,5
DA:131,5
DA:132,0
DA:133,0
DA:134,5
DA:135,5
DA:136,5
DA:137,5
DA:138,5
DA:139,5
DA:140,1
LF:140
LH:138
BRDA:24,0,0,8
BRDA:29,1,0,6
BRDA:33,2,0,1
BRDA:43,3,0,5
BRDA:52,4,0,3
BRDA:59,5,0,2
BRDA:64,6,0,2
BRDA:82,7,0,6
BRDA:85,8,0,5
BRDA:87,9,0,1
BRDA:92,10,0,3
BRDA:102,11,0,2
BRDA:114,12,0,5
BRDA:117,13,0,3
BRDA:127,14,0,2
BRDA:127,15,0,2
BRDA:131,16,0,2
BRDA:131,17,0,0
BRDA:119,18,0,15
BRDA:120,19,0,6
BRF:20
BRH:19
end_of_record
TN:
SF:src\types\index.ts
FN:1,(empty-report)
FNF:1
FNH:0
FNDA:0,(empty-report)
DA:1,0
DA:2,0
DA:3,0
DA:4,0
DA:5,0
DA:6,0
DA:7,0
DA:8,0
DA:9,0
DA:10,0
DA:11,0
DA:12,0
DA:13,0
DA:14,0
DA:15,0
DA:16,0
DA:17,0
DA:18,0
DA:19,0
DA:20,0
DA:21,0
DA:22,0
DA:23,0
DA:24,0
DA:25,0
DA:26,0
DA:27,0
DA:28,0
DA:29,0
DA:30,0
DA:31,0
DA:32,0
DA:33,0
DA:34,0
DA:35,0
DA:36,0
DA:37,0
DA:38,0
DA:39,0
DA:40,0
DA:41,0
DA:42,0
DA:43,0
DA:44,0
DA:45,0
DA:46,0
DA:47,0
DA:48,0
DA:49,0
DA:50,0
DA:51,0
DA:52,0
DA:53,0
DA:54,0
DA:55,0
DA:56,0
DA:57,0
DA:58,0
DA:59,0
DA:60,0
DA:61,0
DA:62,0
DA:63,0
DA:64,0
DA:65,0
DA:66,0
DA:67,0
DA:68,0
DA:69,0
DA:70,0
DA:71,0
DA:72,0
DA:73,0
DA:74,0
DA:75,0
DA:76,0
DA:77,0
DA:78,0
DA:79,0
DA:80,0
DA:81,0
DA:82,0
DA:83,0
DA:84,0
DA:85,0
DA:86,0
DA:87,0
DA:88,0
DA:89,0
DA:90,0
DA:91,0
DA:92,0
DA:93,0
DA:94,0
DA:95,0
DA:96,0
DA:97,0
DA:98,0
DA:99,0
DA:100,0
DA:101,0
DA:102,0
DA:103,0
DA:104,0
DA:105,0
DA:106,0
DA:107,0
DA:108,0
DA:109,0
DA:110,0
DA:111,0
DA:112,0
DA:113,0
DA:114,0
DA:115,0
DA:116,0
DA:117,0
DA:118,0
DA:119,0
DA:120,0
DA:121,0
DA:122,0
DA:123,0
DA:124,0
DA:125,0
DA:126,0
DA:127,0
DA:128,0
DA:129,0
DA:130,0
DA:131,0
DA:132,0
DA:133,0
DA:134,0
DA:135,0
DA:136,0
DA:137,0
DA:138,0
DA:139,0
DA:140,0
DA:141,0
DA:142,0
DA:143,0
DA:144,0
DA:145,0
DA:146,0
DA:147,0
DA:148,0
DA:149,0
DA:150,0
DA:151,0
DA:152,0
DA:153,0
DA:154,0
DA:155,0
DA:156,0
DA:157,0
DA:158,0
DA:159,0
DA:160,0
DA:161,0
DA:162,0
DA:163,0
DA:164,0
DA:165,0
DA:166,0
DA:167,0
DA:168,0
DA:169,0
DA:170,0
DA:171,0
DA:172,0
DA:173,0
DA:174,0
DA:175,0
DA:176,0
DA:177,0
DA:178,0
DA:179,0
DA:180,0
DA:181,0
DA:182,0
DA:183,0
DA:184,0
DA:185,0
DA:186,0
DA:187,0
DA:188,0
DA:189,0
DA:190,0
DA:191,0
DA:192,0
DA:193,0
DA:194,0
DA:195,0
DA:196,0
DA:197,0
DA:198,0
DA:199,0
DA:200,0
DA:201,0
DA:202,0
DA:203,0
DA:204,0
DA:205,0
DA:206,0
DA:207,0
DA:208,0
DA:209,0
DA:210,0
DA:211,0
DA:212,0
DA:213,0
DA:214,0
DA:215,0
DA:216,0
DA:217,0
DA:218,0
DA:219,0
DA:220,0
DA:221,0
DA:222,0
DA:223,0
DA:224,0
DA:225,0
DA:226,0
DA:227,0
DA:228,0
DA:229,0
DA:230,0
DA:231,0
DA:232,0
DA:233,0
DA:234,0
DA:235,0
DA:236,0
DA:237,0
DA:238,0
DA:239,0
DA:240,0
DA:241,0
DA:242,0
DA:243,0
DA:244,0
DA:245,0
DA:246,0
DA:247,0
DA:248,0
DA:249,0
DA:250,0
DA:251,0
DA:252,0
DA:253,0
DA:254,0
DA:255,0
DA:256,0
DA:257,0
DA:258,0
DA:259,0
DA:260,0
DA:261,0
DA:262,0
DA:263,0
DA:264,0
DA:265,0
DA:266,0
DA:267,0
DA:268,0
DA:269,0
DA:270,0
DA:271,0
DA:272,0
DA:273,0
DA:274,0
DA:275,0
DA:276,0
DA:277,0
DA:278,0
DA:279,0
DA:280,0
DA:281,0
DA:282,0
DA:283,0
DA:284,0
DA:285,0
DA:286,0
DA:287,0
DA:288,0
DA:289,0
DA:290,0
DA:291,0
DA:292,0
DA:293,0
DA:294,0
DA:295,0
DA:296,0
DA:297,0
DA:298,0
DA:299,0
DA:300,0
DA:301,0
DA:302,0
DA:303,0
DA:304,0
DA:305,0
DA:306,0
DA:307,0
DA:308,0
DA:309,0
DA:310,0
DA:311,0
DA:312,0
DA:313,0
DA:314,0
DA:315,0
DA:316,0
DA:317,0
DA:318,0
DA:319,0
DA:320,0
DA:321,0
DA:322,0
DA:323,0
DA:324,0
DA:325,0
DA:326,0
DA:327,0
DA:328,0
DA:329,0
DA:330,0
DA:331,0
DA:332,0
DA:333,0
DA:334,0
DA:335,0
DA:336,0
DA:337,0
DA:338,0
DA:339,0
DA:340,0
DA:341,0
DA:342,0
DA:343,0
DA:344,0
DA:345,0
DA:346,0
DA:347,0
DA:348,0
DA:349,0
DA:350,0
DA:351,0
DA:352,0
DA:353,0
DA:354,0
DA:355,0
DA:356,0
DA:357,0
DA:358,0
DA:359,0
DA:360,0
DA:361,0
DA:362,0
DA:363,0
DA:364,0
DA:365,0
DA:366,0
DA:367,0
DA:368,0
DA:369,0
DA:370,0
DA:371,0
DA:372,0
DA:373,0
DA:374,0
DA:375,0
DA:376,0
DA:377,0
DA:378,0
DA:379,0
DA:380,0
DA:381,0
DA:382,0
DA:383,0
DA:384,0
DA:385,0
DA:386,0
DA:387,0
DA:388,0
DA:389,0
DA:390,0
DA:391,0
DA:392,0
DA:393,0
DA:394,0
DA:395,0
DA:396,0
DA:397,0
DA:398,0
DA:399,0
DA:400,0
DA:401,0
DA:402,0
DA:403,0
DA:404,0
DA:405,0
DA:406,0
DA:407,0
DA:408,0
DA:409,0
DA:410,0
DA:411,0
DA:412,0
DA:413,0
DA:414,0
DA:415,0
DA:416,0
DA:417,0
DA:418,0
DA:419,0
DA:420,0
DA:421,0
DA:422,0
DA:423,0
DA:424,0
DA:425,0
DA:426,0
DA:427,0
DA:428,0
DA:429,0
DA:430,0
DA:431,0
DA:432,0
DA:433,0
DA:434,0
DA:435,0
DA:436,0
DA:437,0
DA:438,0
DA:439,0
DA:440,0
DA:441,0
DA:442,0
DA:443,0
DA:444,0
DA:445,0
DA:446,0
DA:447,0
DA:448,0
DA:449,0
DA:450,0
DA:451,0
DA:452,0
DA:453,0
DA:454,0
DA:455,0
DA:456,0
DA:457,0
DA:458,0
DA:459,0
DA:460,0
DA:461,0
DA:462,0
DA:463,0
DA:464,0
DA:465,0
DA:466,0
DA:467,0
DA:468,0
DA:469,0
DA:470,0
DA:471,0
DA:472,0
DA:473,0
DA:474,0
DA:475,0
DA:476,0
DA:477,0
DA:478,0
DA:479,0
DA:480,0
DA:481,0
DA:482,0
DA:483,0
DA:484,0
DA:485,0
LF:485
LH:0
BRDA:1,0,0,0
BRF:1
BRH:0
end_of_record
TN:
SF:src\utils\logger.ts
FN:8,<instance_members_initializer>
FN:18,Logger
FN:23,shouldLog
FN:27,formatMessage
FN:32,debug
FN:38,info
FN:44,warn
FN:50,error
FN:56,log
FN:60,setLevel
FN:64,child
FNF:11
FNH:11
FNDA:6,<instance_members_initializer>
FNDA:6,Logger
FNDA:5,shouldLog
FNDA:4,formatMessage
FNDA:1,debug
FNDA:2,info
FNDA:1,warn
FNDA:1,error
FNDA:1,log
FNDA:1,setLevel
FNDA:1,child
DA:1,1
DA:2,1
DA:3,1
DA:4,1
DA:5,1
DA:6,1
DA:7,1
DA:8,1
DA:9,6
DA:10,6
DA:11,6
DA:12,6
DA:13,6
DA:14,6
DA:15,6
DA:16,6
DA:17,1
DA:18,1
DA:19,6
DA:20,6
DA:21,6
DA:22,1
DA:23,1
DA:24,5
DA:25,5
DA:26,1
DA:27,1
DA:28,4
DA:29,4
DA:30,4
DA:31,1
DA:32,1
DA:33,1
DA:34,0
DA:35,0
DA:36,1
DA:37,1
DA:38,1
DA:39,2
DA:40,2
DA:41,2
DA:42,2
DA:43,1
DA:44,1
DA:45,1
DA:46,1
DA:47,1
DA:48,1
DA:49,1
DA:50,1
DA:51,1
DA:52,1
DA:53,1
DA:54,1
DA:55,1
DA:56,1
DA:57,1
DA:58,1
DA:59,1
DA:60,1
DA:61,1
DA:62,1
DA:63,1
DA:64,1
DA:65,1
DA:66,1
DA:67,1
LF:67
LH:65
BRDA:8,0,0,6
BRDA:18,1,0,6
BRDA:23,2,0,5
BRDA:27,3,0,4
BRDA:32,4,0,1
BRDA:33,5,0,0
BRDA:38,6,0,2
BRDA:44,7,0,1
BRDA:50,8,0,1
BRDA:56,9,0,1
BRDA:60,10,0,1
BRDA:64,11,0,1
BRF:12
BRH:11
end_of_record
